#-----------------------------------------------------------
# Vivado v2021.2 (64-bit)
# SW Build 3367213 on Tue Oct 19 02:48:09 MDT 2021
# IP Build 3369179 on Thu Oct 21 08:25:16 MDT 2021
# Start of session at: Mon Nov 21 23:18:02 2022
# Process ID: 13776
# Current directory: D:/Desktop/cpuv3
# Command line: vivado.exe -gui_launcher_event rodinguilauncherevent15996 D:\Desktop\cpuv3\cpuv3.xpr
# Log file: D:/Desktop/cpuv3/vivado.log
# Journal file: D:/Desktop/cpuv3\vivado.jou
# Running On: DESKTOP-LUJ28V3, OS: Windows, CPU Frequency: 3194 MHz, CPU Physical cores: 16, Host memory: 17108 MB
#-----------------------------------------------------------
start_gui
open_project D:/Desktop/cpuv3/cpuv3.xpr
WARNING: [Board 49-26] cannot add Board Part xilinx.com:vck190_es:part0:1.3 available at D:/Vivado/2021.2/data/xhub/boards/XilinxBoardStore/boards/Xilinx/vck190/es/1.3/board.xml as part xcvc1902-vsva2197-2mp-e-s-es1 specified in board_part file is either invalid or not available
WARNING: [Board 49-26] cannot add Board Part xilinx.com:vmk180_es:part0:1.3 available at D:/Vivado/2021.2/data/xhub/boards/XilinxBoardStore/boards/Xilinx/vmk180/es/1.3/board.xml as part xcvm1802-vsva2197-2mp-e-s-es1 specified in board_part file is either invalid or not available
WARNING: [Board 49-26] cannot add Board Part xilinx.com:vpk120_es:part0:1.2 available at D:/Vivado/2021.2/data/xhub/boards/XilinxBoardStore/boards/Xilinx/vpk120/es/1.2/board.xml as part xcvp1202-vsva2785-2mp-e-s-es1 specified in board_part file is either invalid or not available
WARNING: [Board 49-26] cannot add Board Part xilinx.com:zcu208_es:part0:1.0 available at D:/Vivado/2021.2/data/xhub/boards/XilinxBoardStore/boards/Xilinx/zcu208/es/1.0/board.xml as part xczu48dr-fsvg1517-2-e-es1 specified in board_part file is either invalid or not available
WARNING: [Board 49-26] cannot add Board Part xilinx.com:zcu208_es:part0:1.1 available at D:/Vivado/2021.2/data/xhub/boards/XilinxBoardStore/boards/Xilinx/zcu208/es/1.1/board.xml as part xczu48dr-fsvg1517-2-e-es1 specified in board_part file is either invalid or not available
WARNING: [Board 49-26] cannot add Board Part xilinx.com:zcu208_es:part0:1.2 available at D:/Vivado/2021.2/data/xhub/boards/XilinxBoardStore/boards/Xilinx/zcu208/es/1.2/board.xml as part xczu48dr-fsvg1517-2-e-es1 specified in board_part file is either invalid or not available
WARNING: [Board 49-26] cannot add Board Part xilinx.com:zcu208ld:part0:2.0 available at D:/Vivado/2021.2/data/xhub/boards/XilinxBoardStore/boards/Xilinx/zcu208ld/production/2.0/board.xml as part xczu58dr-fsvg1517-2-i specified in board_part file is either invalid or not available
WARNING: [Board 49-26] cannot add Board Part xilinx.com:zcu208ld_es:part0:1.0 available at D:/Vivado/2021.2/data/xhub/boards/XilinxBoardStore/boards/Xilinx/zcu208ld/es/1.0/board.xml as part xczu58dr-fsvg1517-2-i-es1 specified in board_part file is either invalid or not available
WARNING: [Board 49-26] cannot add Board Part xilinx.com:zcu216_es:part0:1.0 available at D:/Vivado/2021.2/data/xhub/boards/XilinxBoardStore/boards/Xilinx/zcu216/es/1.0/board.xml as part xczu49dr-ffvf1760-2-e-es1 specified in board_part file is either invalid or not available
WARNING: [Board 49-26] cannot add Board Part xilinx.com:zcu216_es:part0:1.1 available at D:/Vivado/2021.2/data/xhub/boards/XilinxBoardStore/boards/Xilinx/zcu216/es/1.1/board.xml as part xczu49dr-ffvf1760-2-e-es1 specified in board_part file is either invalid or not available
WARNING: [Board 49-26] cannot add Board Part xilinx.com:zcu216_es:part0:1.2 available at D:/Vivado/2021.2/data/xhub/boards/XilinxBoardStore/boards/Xilinx/zcu216/es/1.2/board.xml as part xczu49dr-ffvf1760-2-e-es1 specified in board_part file is either invalid or not available
WARNING: [Board 49-26] cannot add Board Part xilinx.com:zcu216ld:part0:2.0 available at D:/Vivado/2021.2/data/xhub/boards/XilinxBoardStore/boards/Xilinx/zcu216ld/production/2.0/board.xml as part xczu59dr-ffvf1760-2-i specified in board_part file is either invalid or not available
WARNING: [Board 49-26] cannot add Board Part xilinx.com:zcu216ld_es:part0:1.0 available at D:/Vivado/2021.2/data/xhub/boards/XilinxBoardStore/boards/Xilinx/zcu216ld/es/1.0/board.xml as part xczu59dr-ffvf1760-2-i-es1 specified in board_part file is either invalid or not available
WARNING: [Board 49-26] cannot add Board Part xilinx.com:zcu670:part0:1.0 available at D:/Vivado/2021.2/data/xhub/boards/XilinxBoardStore/boards/Xilinx/zcu670/1.0/board.xml as part xczu67dr-fsve1156-2-i specified in board_part file is either invalid or not available
INFO: [Project 1-313] Project file moved from 'D:/Desktop/CPU Final/cpuv3' since last save.
INFO: [filemgmt 56-2] Default IP Output Path : Could not find the directory 'D:/Desktop/cpuv3/cpuv3.gen/sources_1', nor could it be found using path 'D:/Desktop/CPU Final/cpuv3/cpuv3.gen/sources_1'.
Scanning sources...
Finished scanning sources
INFO: [IP_Flow 19-234] Refreshing IP repositories
INFO: [IP_Flow 19-1704] No user IP repositories specified
INFO: [IP_Flow 19-2313] Loaded Vivado IP repository 'D:/Vivado/2021.2/data/ip'.
open_project: Time (s): cpu = 00:00:31 ; elapsed = 00:00:33 . Memory (MB): peak = 1410.426 ; gain = 0.000
update_compile_order -fileset sources_1
synth_design -rtl -rtl_skip_mlo -name rtl_1
Command: synth_design -rtl -rtl_skip_mlo -name rtl_1
Starting synth_design
Using part: xc7a35tcpg236-1
Top: cpu
INFO: [Device 21-403] Loading part xc7a35tcpg236-1
ERROR: [Synth 8-2539] port Dmem must not be declared to be an array [D:/Desktop/cpuv3/cpu3.srcs/sources_1/new/DRAM.v:8]
ERROR: [Synth 8-2442] non-net port Dmem cannot be of mode input [D:/Desktop/cpuv3/cpu3.srcs/sources_1/new/DRAM.v:8]
INFO: [Synth 8-2350] module DRAM ignored due to previous errors [D:/Desktop/cpuv3/cpu3.srcs/sources_1/new/DRAM.v:2]
Failed to read verilog 'D:/Desktop/cpuv3/cpu3.srcs/sources_1/new/DRAM.v'
2 Infos, 0 Warnings, 0 Critical Warnings and 3 Errors encountered.
synth_design failed
ERROR: [Vivado_Tcl 4-5] Elaboration failed - please see the console for details
synth_design -rtl -rtl_skip_mlo -name rtl_1
Command: synth_design -rtl -rtl_skip_mlo -name rtl_1
Starting synth_design
Using part: xc7a35tcpg236-1
Top: cpu
ERROR: [Synth 8-2539] port Dmem must not be declared to be an array [D:/Desktop/cpuv3/cpu3.srcs/sources_1/new/DRAM.v:8]
ERROR: [Synth 8-2442] non-net port Dmem cannot be of mode input [D:/Desktop/cpuv3/cpu3.srcs/sources_1/new/DRAM.v:8]
INFO: [Synth 8-2350] module DRAM ignored due to previous errors [D:/Desktop/cpuv3/cpu3.srcs/sources_1/new/DRAM.v:2]
Failed to read verilog 'D:/Desktop/cpuv3/cpu3.srcs/sources_1/new/DRAM.v'
1 Infos, 0 Warnings, 0 Critical Warnings and 3 Errors encountered.
synth_design failed
ERROR: [Vivado_Tcl 4-5] Elaboration failed - please see the console for details
synth_design -rtl -rtl_skip_mlo -name rtl_1
Command: synth_design -rtl -rtl_skip_mlo -name rtl_1
Starting synth_design
Using part: xc7a35tcpg236-1
Top: cpu
ERROR: [Synth 8-2539] port Dmem must not be declared to be an array [D:/Desktop/cpuv3/cpu3.srcs/sources_1/new/DRAM.v:8]
ERROR: [Synth 8-2576] procedural assignment to a non-register Dmem is not permitted [D:/Desktop/cpuv3/cpu3.srcs/sources_1/new/DRAM.v:14]
INFO: [Synth 8-2350] module DRAM ignored due to previous errors [D:/Desktop/cpuv3/cpu3.srcs/sources_1/new/DRAM.v:2]
Failed to read verilog 'D:/Desktop/cpuv3/cpu3.srcs/sources_1/new/DRAM.v'
1 Infos, 0 Warnings, 0 Critical Warnings and 3 Errors encountered.
synth_design failed
ERROR: [Vivado_Tcl 4-5] Elaboration failed - please see the console for details
exit
INFO: [Common 17-206] Exiting Vivado at Mon Nov 21 23:25:49 2022...
